[ 2023-08-21 13:20:59,489 ] 25 root - INFO - Data Reading
[ 2023-08-21 13:20:59,633 ] 30 root - INFO - Data Splitted to Train and test
[ 2023-08-21 13:20:59,745 ] 38 root - INFO - Data Ingestion Completed
[ 2023-08-21 13:20:59,817 ] 66 root - INFO - Outlier  handled
[ 2023-08-21 13:20:59,817 ] 66 root - INFO - Outlier  handled
[ 2023-08-21 13:20:59,825 ] 66 root - INFO - Outlier  handled
[ 2023-08-21 13:20:59,825 ] 66 root - INFO - Outlier  handled
[ 2023-08-21 13:20:59,833 ] 66 root - INFO - Outlier  handled
[ 2023-08-21 13:20:59,833 ] 66 root - INFO - Outlier  handled
[ 2023-08-21 13:20:59,841 ] 66 root - INFO - Outlier  handled
[ 2023-08-21 13:20:59,841 ] 66 root - INFO - Outlier  handled
[ 2023-08-21 13:20:59,849 ] 66 root - INFO - Outlier  handled
[ 2023-08-21 13:20:59,849 ] 66 root - INFO - Outlier  handled
[ 2023-08-21 13:20:59,857 ] 66 root - INFO - Outlier  handled
[ 2023-08-21 13:20:59,857 ] 66 root - INFO - Outlier  handled
[ 2023-08-21 13:20:59,857 ] 88 root - INFO - Outlier capped on our train data
[ 2023-08-21 13:20:59,857 ] 66 root - INFO - Outlier  handled
[ 2023-08-21 13:20:59,865 ] 66 root - INFO - Outlier  handled
[ 2023-08-21 13:20:59,865 ] 66 root - INFO - Outlier  handled
[ 2023-08-21 13:20:59,865 ] 66 root - INFO - Outlier  handled
[ 2023-08-21 13:20:59,873 ] 66 root - INFO - Outlier  handled
[ 2023-08-21 13:20:59,873 ] 66 root - INFO - Outlier  handled
[ 2023-08-21 13:20:59,873 ] 66 root - INFO - Outlier  handled
[ 2023-08-21 13:20:59,881 ] 66 root - INFO - Outlier  handled
[ 2023-08-21 13:20:59,881 ] 66 root - INFO - Outlier  handled
[ 2023-08-21 13:20:59,889 ] 66 root - INFO - Outlier  handled
[ 2023-08-21 13:20:59,889 ] 66 root - INFO - Outlier  handled
[ 2023-08-21 13:20:59,889 ] 66 root - INFO - Outlier  handled
[ 2023-08-21 13:20:59,889 ] 93 root - INFO - Outlier capped on our test data
[ 2023-08-21 13:20:59,889 ] 28 root - INFO - Data Transformation Started
[ 2023-08-21 13:20:59,889 ] 101 root - INFO - Splitting train data into dependent and independent feature
[ 2023-08-21 13:20:59,897 ] 105 root - INFO - Splitting test data into dependent and independent feature
[ 2023-08-21 13:20:59,953 ] 32 root - INFO - Spitting Data into Dependent and Independent feature
[ 2023-08-21 13:20:59,953 ] 40 root - INFO - Models training has initiated
[ 2023-08-21 13:20:59,953 ] 89 root - INFO - Model evaluation has initiated
