[ 2023-08-21 13:13:47,223 ] 25 root - INFO - Data Reading
[ 2023-08-21 13:13:47,363 ] 30 root - INFO - Data Splitted to Train and test
[ 2023-08-21 13:13:47,492 ] 38 root - INFO - Data Ingestion Completed
[ 2023-08-21 13:13:47,555 ] 66 root - INFO - Outlier  handled
[ 2023-08-21 13:13:47,555 ] 66 root - INFO - Outlier  handled
[ 2023-08-21 13:13:47,570 ] 66 root - INFO - Outlier  handled
[ 2023-08-21 13:13:47,570 ] 66 root - INFO - Outlier  handled
[ 2023-08-21 13:13:47,570 ] 66 root - INFO - Outlier  handled
[ 2023-08-21 13:13:47,570 ] 66 root - INFO - Outlier  handled
[ 2023-08-21 13:13:47,586 ] 66 root - INFO - Outlier  handled
[ 2023-08-21 13:13:47,586 ] 66 root - INFO - Outlier  handled
[ 2023-08-21 13:13:47,586 ] 66 root - INFO - Outlier  handled
[ 2023-08-21 13:13:47,586 ] 66 root - INFO - Outlier  handled
[ 2023-08-21 13:13:47,586 ] 66 root - INFO - Outlier  handled
[ 2023-08-21 13:13:47,601 ] 66 root - INFO - Outlier  handled
[ 2023-08-21 13:13:47,601 ] 88 root - INFO - Outlier capped on our train data
[ 2023-08-21 13:13:47,601 ] 66 root - INFO - Outlier  handled
[ 2023-08-21 13:13:47,601 ] 66 root - INFO - Outlier  handled
[ 2023-08-21 13:13:47,601 ] 66 root - INFO - Outlier  handled
[ 2023-08-21 13:13:47,601 ] 66 root - INFO - Outlier  handled
[ 2023-08-21 13:13:47,601 ] 66 root - INFO - Outlier  handled
[ 2023-08-21 13:13:47,617 ] 66 root - INFO - Outlier  handled
[ 2023-08-21 13:13:47,617 ] 66 root - INFO - Outlier  handled
[ 2023-08-21 13:13:47,617 ] 66 root - INFO - Outlier  handled
[ 2023-08-21 13:13:47,617 ] 66 root - INFO - Outlier  handled
[ 2023-08-21 13:13:47,617 ] 66 root - INFO - Outlier  handled
[ 2023-08-21 13:13:47,617 ] 66 root - INFO - Outlier  handled
[ 2023-08-21 13:13:47,633 ] 66 root - INFO - Outlier  handled
[ 2023-08-21 13:13:47,633 ] 93 root - INFO - Outlier capped on our test data
[ 2023-08-21 13:13:47,633 ] 28 root - INFO - Data Transformation Started
[ 2023-08-21 13:13:47,633 ] 101 root - INFO - Splitting train data into dependent and independent feature
[ 2023-08-21 13:13:47,633 ] 105 root - INFO - Splitting test data into dependent and independent feature
[ 2023-08-21 13:13:47,679 ] 32 root - INFO - Spitting Data into Dependent and Independent feature
[ 2023-08-21 13:13:47,679 ] 40 root - INFO - Models training has initiated
[ 2023-08-21 13:13:47,679 ] 89 root - INFO - Model evaluation has initiated
